<?xml version="1.0" encoding="UTF-8"?>
<testng-results ignored="0" total="1" passed="1" failed="0" skipped="0">
  <reporter-output>
  </reporter-output>
  <suite started-at="2023-04-16T16:47:56 EDT" name="Default suite" finished-at="2023-04-16T16:48:13 EDT" duration-ms="17755">
    <groups>
    </groups>
    <test started-at="2023-04-16T16:47:56 EDT" name="Default test" finished-at="2023-04-16T16:48:13 EDT" duration-ms="17755">
      <class name="testpackage.AddtocartPage">
        <test-method is-config="true" signature="intialsetup()[pri:0, instance:testpackage.AddtocartPage@68999068]" started-at="2023-04-16T16:47:56 EDT" name="intialsetup" finished-at="2023-04-16T16:47:59 EDT" duration-ms="3771" status="PASS">
          <reporter-output>
          </reporter-output>
        </test-method> <!-- intialsetup -->
        <test-method signature="Addtocarttest()[pri:0, instance:testpackage.AddtocartPage@68999068]" started-at="2023-04-16T16:47:59 EDT" name="Addtocarttest" finished-at="2023-04-16T16:48:13 EDT" duration-ms="13717" status="PASS">
          <reporter-output>
          </reporter-output>
        </test-method> <!-- Addtocarttest -->
        <test-method is-config="true" signature="closebrowser()[pri:0, instance:testpackage.AddtocartPage@68999068]" started-at="2023-04-16T16:48:13 EDT" name="closebrowser" finished-at="2023-04-16T16:48:13 EDT" duration-ms="212" status="PASS">
          <reporter-output>
          </reporter-output>
        </test-method> <!-- closebrowser -->
      </class> <!-- testpackage.AddtocartPage -->
    </test> <!-- Default test -->
  </suite> <!-- Default suite -->
</testng-results>
